<?xml version="1.0" encoding="UTF-8"?>
<!-- Generated by org.testng.reporters.JUnitXMLReporter -->
<testsuite hostname="Tushar-Patil" ignored="0" name="Default test" tests="11" failures="0" timestamp="2019-11-11T20:17:51 IST" time="52.329" errors="0">
  <testcase name="registetrpagetest" time="1.958" classname="com.qa.test.RegisterTest"/>
  <testcase name="registetrpagetest" time="1.711" classname="com.qa.test.RegisterTest"/>
  <testcase name="registetrpagetest" time="1.866" classname="com.qa.test.RegisterTest"/>
  <testcase name="registetrpagetest" time="2.066" classname="com.qa.test.RegisterTest"/>
  <testcase name="registetrpagetest" time="6.99" classname="com.qa.test.RegisterTest"/>
  <testcase name="registetrpagetest" time="1.983" classname="com.qa.test.RegisterTest"/>
  <testcase name="registetrpagetest" time="1.874" classname="com.qa.test.RegisterTest"/>
  <testcase name="registetrpagetest" time="1.699" classname="com.qa.test.RegisterTest"/>
  <testcase name="registetrpagetest" time="1.746" classname="com.qa.test.RegisterTest"/>
  <testcase name="registetrpagetest" time="1.666" classname="com.qa.test.RegisterTest"/>
  <testcase name="registetrpagetest" time="1.84" classname="com.qa.test.RegisterTest"/>
</testsuite> <!-- Default test -->
